This is pdfTeX, Version 3.1415926-1.40.10 (TeX Live 2009/Debian) (format=pdflatex 2014.12.15)  22 JAN 2015 21:52
entering extended mode
 %&-line parsing enabled.
**sigproc-sp.tex
(./sigproc-sp.tex
LaTeX2e <2009/09/24>
Babel <v3.8l> and hyphenation patterns for english, usenglishmax, dumylang, noh
yphenation, loaded.
(./acm_proc_article-sp.cls
(/usr/share/texmf-texlive/tex/latex/graphics/epsfig.sty
Package: epsfig 1999/02/16 v1.7a (e)psfig emulation (SPQR)

(/usr/share/texmf-texlive/tex/latex/graphics/graphicx.sty
Package: graphicx 1999/02/16 v1.0f Enhanced LaTeX Graphics (DPC,SPQR)

(/usr/share/texmf-texlive/tex/latex/graphics/keyval.sty
Package: keyval 1999/03/16 v1.13 key=value parser (DPC)
\KV@toks@=\toks14
)
(/usr/share/texmf-texlive/tex/latex/graphics/graphics.sty
Package: graphics 2009/02/05 v1.0o Standard LaTeX Graphics (DPC,SPQR)

(/usr/share/texmf-texlive/tex/latex/graphics/trig.sty
Package: trig 1999/03/16 v1.09 sin cos tan (DPC)
)
(/etc/texmf/tex/latex/config/graphics.cfg
File: graphics.cfg 2009/08/28 v1.8 graphics configuration of TeX Live
)
Package graphics Info: Driver file: pdftex.def on input line 91.

(/usr/share/texmf-texlive/tex/latex/pdftex-def/pdftex.def
File: pdftex.def 2010/03/12 v0.04p Graphics/color for pdfTeX
\Gread@gobject=\count79
))
\Gin@req@height=\dimen102
\Gin@req@width=\dimen103
)
\epsfxsize=\dimen104
\epsfysize=\dimen105
)
(/usr/share/texmf-texlive/tex/latex/amsfonts/amssymb.sty
Package: amssymb 2009/06/22 v3.00

(/usr/share/texmf-texlive/tex/latex/amsfonts/amsfonts.sty
Package: amsfonts 2009/06/22 v3.00 Basic AMSFonts support
\@emptytoks=\toks15
\symAMSa=\mathgroup4
\symAMSb=\mathgroup5
LaTeX Font Info:    Overwriting math alphabet `\mathfrak' in version `bold'
(Font)                  U/euf/m/n --> U/euf/b/n on input line 96.
))
(/usr/share/texmf-texlive/tex/latex/amsmath/amsmath.sty
Package: amsmath 2000/07/18 v2.13 AMS math features
\@mathmargin=\skip41

For additional information on amsmath, use the `?' option.
(/usr/share/texmf-texlive/tex/latex/amsmath/amstext.sty
Package: amstext 2000/06/29 v2.01

(/usr/share/texmf-texlive/tex/latex/amsmath/amsgen.sty
File: amsgen.sty 1999/11/30 v2.0
\@emptytoks=\toks16
\ex@=\dimen106
))
(/usr/share/texmf-texlive/tex/latex/amsmath/amsbsy.sty
Package: amsbsy 1999/11/29 v1.2d
\pmbraise@=\dimen107
)
(/usr/share/texmf-texlive/tex/latex/amsmath/amsopn.sty
Package: amsopn 1999/12/14 v2.01 operator names
)
\inf@bad=\count80
LaTeX Info: Redefining \frac on input line 211.
\uproot@=\count81
\leftroot@=\count82
LaTeX Info: Redefining \overline on input line 307.
\classnum@=\count83
\DOTSCASE@=\count84
LaTeX Info: Redefining \ldots on input line 379.
LaTeX Info: Redefining \dots on input line 382.
LaTeX Info: Redefining \cdots on input line 467.
\Mathstrutbox@=\box26
\strutbox@=\box27
\big@size=\dimen108
LaTeX Font Info:    Redeclaring font encoding OML on input line 567.
LaTeX Font Info:    Redeclaring font encoding OMS on input line 568.
\macc@depth=\count85
\c@MaxMatrixCols=\count86
\dotsspace@=\muskip10
\c@parentequation=\count87
\dspbrk@lvl=\count88
\tag@help=\toks17
\row@=\count89
\column@=\count90
\maxfields@=\count91
\andhelp@=\toks18
\eqnshift@=\dimen109
\alignsep@=\dimen110
\tagshift@=\dimen111
\tagwidth@=\dimen112
\totwidth@=\dimen113
\lineht@=\dimen114
\@envbody=\toks19
\multlinegap=\skip42
\multlinetaggap=\skip43
\mathdisplay@stack=\toks20
LaTeX Info: Redefining \[ on input line 2666.
LaTeX Info: Redefining \] on input line 2667.
)
Document Class 'acm_proc_article-sp' <22nd. April '09>. Modified by G.K.M. Tobi
n
Based in part upon document Style `acmconf' <22 May 89>. Hacked 4/91 by
shivers@cs.cmu.edu, 4/93 by theobald@cs.mcgill.ca
Excerpts were taken from (Journal Style) 'esub2acm.cls'.
****** Bugs/comments/suggestions to Gerry Murray -- murray@hq.acm.org ******
\footheight=\dimen115
\@maxsep=\dimen116
\@dblmaxsep=\dimen117
\aucount=\count92
\originalaucount=\count93
\auwidth=\dimen118
\auskip=\dimen119
\auskipcount=\count94
\auskip=\dimen120
\allauboxes=\dimen121
\addauthors=\toks21
\addauflag=\count95
\subtitletext=\toks22
\savesection=\count96
\sectioncntr=\count97
\c@figure=\count98
\c@table=\count99
\titleboxnotes=\toks23
\titleboxnoteflag=\count100
Document Class: acm_proc_article-sp 2009/04/22 - V3.2SP - based on esub2acm.sty
 <23 April 96>
(/usr/share/texmf-texlive/tex/latex/base/latexsym.sty
Package: latexsym 1998/08/17 v2.2e Standard LaTeX package (lasy symbols)
\symlasy=\mathgroup6
LaTeX Font Info:    Overwriting symbol font `lasy' in version `bold'
(Font)                  U/lasy/m/n --> U/lasy/b/n on input line 47.
)
\@acmtitlebox=\box28
\titlenotecount=\count101
\tntoks=\toks24
\tntokstwo=\toks25
\tntoksthree=\toks26
\tntoksfour=\toks27
\tntoksfive=\toks28
\catcount=\count102
\copyrightnotice=\toks29
\conf=\toks30
\confinfo=\toks31
\c@part=\count103
\c@section=\count104
\c@subsection=\count105
\c@subsubsection=\count106
\c@paragraph=\count107

Using 'Abbrev' bibliography style
LaTeX Info: Redefining \cite on input line 1236.
\bibindent=\dimen122
\colcntr=\count108
\saveb@x=\box29
\copyrtyr=\toks32
\acmcopyr=\toks33
\boilerplate=\toks34
\copyrightetc=\toks35
(/usr/share/texmf-texlive/tex/latex/base/fontenc.sty
Package: fontenc 2005/09/27 v1.99g Standard LaTeX package

(/usr/share/texmf-texlive/tex/latex/base/t1enc.def
File: t1enc.def 2005/09/27 v1.99g Standard LaTeX file
LaTeX Font Info:    Redeclaring font encoding T1 on input line 43.
)
LaTeX Font Info:    Try loading font information for T1+aer on input line 100.

(/usr/share/texmf-texlive/tex/latex/ae/t1aer.fd
File: t1aer.fd 1997/11/16 Font definitions for T1/aer.
)))
(/usr/share/texmf-texlive/tex/latex/ltxmisc/url.sty
\Urlmuskip=\muskip11
Package: url 2006/04/12  ver 3.3  Verb mode for urls, etc.
)
(/usr/share/texmf-texlive/tex/latex/wrapfig/wrapfig.sty
\wrapoverhang=\dimen123
\WF@size=\dimen124
\c@WF@wrappedlines=\count109
\WF@box=\box30
\WF@everypar=\toks36
Package: wrapfig 2003/01/31  v 3.6
)
(/usr/share/texmf-texlive/tex/latex/lipsum/lipsum.sty
Package: lipsum 2005/01/26 v1.0 150 paragraphs of Lorem Ipsum dummy text
File: lipsum.dtx 2005/01/26 v1.0 150 paragraphs of Lorem Ipsum dummy text
\c@lips@count=\count110
)
(/usr/share/texmf-texlive/tex/latex/listings/listings.sty
\lst@mode=\count111
\lst@gtempboxa=\box31
\lst@token=\toks37
\lst@length=\count112
\lst@currlwidth=\dimen125
\lst@column=\count113
\lst@pos=\count114
\lst@lostspace=\dimen126
\lst@width=\dimen127
\lst@newlines=\count115
\lst@lineno=\count116
\abovecaptionskip=\skip44
\belowcaptionskip=\skip45
\lst@maxwidth=\dimen128

(/usr/share/texmf-texlive/tex/latex/listings/lstmisc.sty
File: lstmisc.sty 2007/02/22 1.4 (Carsten Heinz)
\c@lstnumber=\count117
\lst@skipnumbers=\count118
\lst@framebox=\box32
)
(/usr/share/texmf-texlive/tex/latex/listings/listings.cfg
File: listings.cfg 2007/02/22 1.4 listings configuration
))
Package: listings 2007/02/22 1.4 (Carsten Heinz)

(/usr/share/texmf/tex/latex/xcolor/xcolor.sty
Package: xcolor 2007/01/21 v2.11 LaTeX color extensions (UK)

(/etc/texmf/tex/latex/config/color.cfg
File: color.cfg 2007/01/18 v1.5 color configuration of teTeX/TeXLive
)
Package xcolor Info: Driver file: pdftex.def on input line 225.
Package xcolor Info: Model `cmy' substituted by `cmy0' on input line 1337.
Package xcolor Info: Model `hsb' substituted by `rgb' on input line 1341.
Package xcolor Info: Model `RGB' extended on input line 1353.
Package xcolor Info: Model `HTML' substituted by `rgb' on input line 1355.
Package xcolor Info: Model `Hsb' substituted by `hsb' on input line 1356.
Package xcolor Info: Model `tHsb' substituted by `hsb' on input line 1357.
Package xcolor Info: Model `HSB' substituted by `hsb' on input line 1358.
Package xcolor Info: Model `Gray' substituted by `gray' on input line 1359.
Package xcolor Info: Model `wave' substituted by `hsb' on input line 1360.
)
(/usr/share/texmf-texlive/tex/latex/listings/lstlang1.sty
File: lstlang1.sty 2004/09/05 1.3 listings language file
)
(/usr/share/texmf-texlive/tex/latex/listings/lstlang2.sty
File: lstlang2.sty 2004/09/05 1.3 listings language file
) (./sigproc-sp.aux

LaTeX Warning: Label `fig:recomm' multiply defined.

)
\openout1 = `sigproc-sp.aux'.

LaTeX Font Info:    Checking defaults for OML/cmm/m/it on input line 89.
LaTeX Font Info:    ... okay on input line 89.
LaTeX Font Info:    Checking defaults for T1/cmr/m/n on input line 89.
LaTeX Font Info:    ... okay on input line 89.
LaTeX Font Info:    Checking defaults for OT1/cmr/m/n on input line 89.
LaTeX Font Info:    ... okay on input line 89.
LaTeX Font Info:    Checking defaults for OMS/cmsy/m/n on input line 89.
LaTeX Font Info:    ... okay on input line 89.
LaTeX Font Info:    Checking defaults for OMX/cmex/m/n on input line 89.
LaTeX Font Info:    ... okay on input line 89.
LaTeX Font Info:    Checking defaults for U/cmr/m/n on input line 89.
LaTeX Font Info:    ... okay on input line 89.
 (/usr/share/texmf-texlive/tex/context/base/supp-pdf.mkii
[Loading MPS to PDF converter (version 2006.09.02).]
\scratchcounter=\count119
\scratchdimen=\dimen129
\scratchbox=\box33
\nofMPsegments=\count120
\nofMParguments=\count121
\everyMPshowfont=\toks38
\MPscratchCnt=\count122
\MPscratchDim=\dimen130
\MPnumerator=\count123
\everyMPtoPDFconversion=\toks39
)
\c@lstlisting=\count124
LaTeX Font Info:    Try loading font information for U+msa on input line 144.
 (/usr/share/texmf-texlive/tex/latex/amsfonts/umsa.fd
File: umsa.fd 2009/06/22 v3.00 AMS symbols A
)
LaTeX Font Info:    Try loading font information for U+msb on input line 144.

(/usr/share/texmf-texlive/tex/latex/amsfonts/umsb.fd
File: umsb.fd 2009/06/22 v3.00 AMS symbols B
)
LaTeX Font Info:    Try loading font information for U+lasy on input line 144.

(/usr/share/texmf-texlive/tex/latex/base/ulasy.fd
File: ulasy.fd 1998/08/17 v2.2e LaTeX symbol font definitions
)
<images/multiscreen-google.png, id=1, 914.41624pt x 455.7025pt>
File: images/multiscreen-google.png Graphic file (type png)

<use images/multiscreen-google.png>
<images/multi_usage2.png, id=2, 947.54pt x 502.87875pt>
File: images/multi_usage2.png Graphic file (type png)

<use images/multi_usage2.png>
Overfull \hbox (12.9331pt too wide) in paragraph at lines 172--173
 [][] 
 []

[1{/var/lib/texmf/fonts/map/pdftex/updmap/pdftex.map}


 <./images/multiscreen-google.png (PNG copy)> <./images/multi_usage2.png>]
<images/nielsen-tv-viewing.png, id=17, 448.67625pt x 514.92375pt>
File: images/nielsen-tv-viewing.png Graphic file (type png)

<use images/nielsen-tv-viewing.png>
Underfull \hbox (badness 5563) in paragraph at lines 229--229
[][]\T1/aer/m/n/9 All the source files used to gen-er-ate this ap-pli-
 []


Underfull \hbox (badness 10000) in paragraph at lines 229--229
\T1/aer/m/n/9 ca-tion can be ac-cessed at the pub-lic repos-i-tory:
 []

[2 <./images/nielsen-tv-viewing.png (PNG copy)>]
<images/old_nscreen_screenshot.png, id=22, 1526.70375pt x 773.89125pt>
File: images/old_nscreen_screenshot.png Graphic file (type png)

<use images/old_nscreen_screenshot.png>
Underfull \hbox (badness 1067) in paragraph at lines 234--234
[]\T1/aer/bx/n/9 Figure 4: No-tube N-Screen screen-shot, source
 []


Underfull \hbox (badness 10000) in paragraph at lines 234--234
\T1/aer/bx/n/9 code ob-tained from the pub-lic repos-i-tory
 []


Overfull \hbox (5.82217pt too wide) in paragraph at lines 252--253
[]\T1/aer/m/it/9 Requirements def-i-ni-tion\T1/aer/m/n/9 . Study of needs and c
on-straints. 
 []

[3 <./images/old_nscreen_screenshot.png>]
Overfull \hbox (12.27437pt too wide) in paragraph at lines 293--294
[]\T1/aer/m/n/9 Results in-ter-pre-ta-tion and con-clu-sions re-view. State-
 []

LaTeX Font Info:    Try loading font information for T1+aett on input line 306.

(/usr/share/texmf-texlive/tex/latex/ae/t1aett.fd
File: t1aett.fd 1997/11/16 Font definitions for T1/aett.
)
Underfull \hbox (badness 10000) in paragraph at lines 350--350
[][]\T1/aer/m/n/9 https://notube3.wordpress.com/2011/10/10/n-screen-a-
 []


Underfull \hbox (badness 10000) in paragraph at lines 350--350
\T1/aer/m/n/9 second-screen-application-for-small-group-exploration-of-
 []

[4] <images/recommender_tasks.png, id=33, 255.95625pt x 356.33125pt>
File: images/recommender_tasks.png Graphic file (type png)

<use images/recommender_tasks.png>
Underfull \hbox (badness 10000) in paragraph at lines 370--370
[][]\T1/aer/m/n/9 https://notube3.wordpress.com/2011/12/12/preliminary-
 []

[5 <./images/recommender_tasks.png (PNG copy)>]
File: images/recommender_tasks.png Graphic file (type png)

<use images/recommender_tasks.png>
Overfull \hbox (17.26859pt too wide) in paragraph at lines 436--437
[]\T1/aett/m/n/9 facebook_id\T1/aer/m/n/9 : unique ID ex-tracted from Face-book
 OpenID. 
 []


Overfull \hbox (17.26083pt too wide) in paragraph at lines 443--444
[]\T1/aett/m/n/9 recommendations\T1/aer/m/n/9 : Per-sonal rec-om-men-da-tions l
ist, JSON[]
 []

[6]
Overfull \hbox (3.39362pt too wide) in paragraph at lines 486--487
[]\T1/aer/m/n/9 The fol-low-ing script (\T1/aett/m/n/9 auth.php\T1/aer/m/n/9 ) 
shows this im-ple-men-ta-tion:[] 
 []


Overfull \hbox (5.04707pt too wide) in paragraph at lines 503--504
\T1/aer/m/n/9 than one ses-sions run-ning si-mul-ta-ne-ously in the same browse
r. 
 []


Overfull \hbox (3.39072pt too wide) in paragraph at lines 507--508
\T1/aer/m/n/9 times users can present un-pre-dictable con-duct and wishes[23].
 []


Overfull \hbox (4.50735pt too wide) in paragraph at lines 509--510
\T1/aer/m/n/9 been the im-ple-men-ta-tion of the pos-si-bil-ity to add pro-gram
mes
 []

[7]
Overfull \hbox (3.36063pt too wide) in paragraph at lines 549--550
[]\T1/aer/m/n/9 *****PONER IM-A-GEN DE LIKES AND DIS-LIKES******* 
 []

[8]
Overfull \hbox (9.41768pt too wide) in paragraph at lines 613--614
[]\T1/aer/m/n/9 *******PONER IM-A-GENES QUE DE-MUES-TRAN EL FUN-
 []

[9]
Underfull \vbox (badness 10000) has occurred while \output is active []

 [10]
Underfull \vbox (badness 3199) has occurred while \output is active []


<images/old_nscreen_homepahe.png, id=53, 1526.70375pt x 773.89125pt>
File: images/old_nscreen_homepahe.png Graphic file (type png)

<use images/old_nscreen_homepahe.png>
Overfull \hbox (12.94356pt too wide) in paragraph at lines 778--779
 [][] 
 []

[11] <images/new_homepage.png, id=57, 1539.7525pt x 769.87625pt>
File: images/new_homepage.png Graphic file (type png)

<use images/new_homepage.png>
Overfull \hbox (12.94395pt too wide) in paragraph at lines 787--788
 [][] 
 []

<images/view_all_possibility_zoom.png, id=58, 509.905pt x 313.17pt>
File: images/view_all_possibility_zoom.png Graphic file (type png)

<use images/view_all_possibility_zoom.png>
Overfull \hbox (12.94449pt too wide) in paragraph at lines 796--797
 [][] 
 []

<images/viewallclick.png, id=59, 1535.7375pt x 772.8875pt>
File: images/viewallclick.png Graphic file (type png)

<use images/viewallclick.png>
Overfull \hbox (12.94052pt too wide) in paragraph at lines 803--804
 [][] 
 []

<images/roster.png, id=60, 245.91875pt x 256.96pt>
File: images/roster.png Graphic file (type png)
 <use images/roster.png>
Underfull \hbox (badness 1838) in paragraph at lines 815--815
[]\T1/aer/bx/n/9 Figure 11: Im-ages Re-design in Vertical-Right
 []

<images/selected_programme.png, id=61, 1220.56pt x 674.52pt>
File: images/selected_programme.png Graphic file (type png)

<use images/selected_programme.png>
Overfull \hbox (12.93555pt too wide) in paragraph at lines 825--826
 [][] 
 []

<images/colouredicons.png, id=62, 161.60374pt x 383.4325pt>
File: images/colouredicons.png Graphic file (type png)

<use images/colouredicons.png> [12 <./images/old_nscreen_homepahe.png> <./image
s/new_homepage.png (PNG copy)> <./images/view_all_possibility_zoom.png (PNG cop
y)> <./images/viewallclick.png (PNG copy)> <./images/roster.png (PNG copy)>]
<images/tags.png, id=67, 451.6875pt x 54.2025pt>
File: images/tags.png Graphic file (type png)
 <use images/tags.png>
<images/tagsclick.png, id=68, 1222.5675pt x 625.33624pt>
File: images/tagsclick.png Graphic file (type png)

<use images/tagsclick.png>
Overfull \hbox (12.94116pt too wide) in paragraph at lines 848--849
 [][] 
 []

[13 <./images/selected_programme.png (PNG copy)> <./images/colouredicons.png (P
NG copy)> <./images/tags.png (PNG copy)> <./images/tagsclick.png (PNG copy)>]
[14] (./sigproc-sp.bbl
Underfull \vbox (badness 10000) has occurred while \output is active []

 [15])
[16] (./sigproc-sp.aux)

LaTeX Warning: There were multiply-defined labels.

 ) 
Here is how much of TeX's memory you used:
 5060 strings out of 495061
 63259 string characters out of 1182620
 736166 words of memory out of 3000000
 8144 multiletter control sequences out of 15000+50000
 54759 words of font info for 74 fonts, out of 3000000 for 9000
 28 hyphenation exceptions out of 8191
 39i,11n,40p,1918b,1538s stack positions out of 5000i,500n,10000p,200000b,50000s
{/usr/share/texmf-texlive/fonts/enc/dvips/base/8r.enc}</usr/share/texmf-texli
ve/fonts/type1/public/amsfonts/cm/cmbx9.pfb></usr/share/texmf-texlive/fonts/typ
e1/public/amsfonts/cm/cmbxti10.pfb></usr/share/texmf-texlive/fonts/type1/public
/amsfonts/cm/cmr6.pfb></usr/share/texmf-texlive/fonts/type1/public/amsfonts/cm/
cmr9.pfb></usr/share/texmf-texlive/fonts/type1/public/amsfonts/cm/cmsy9.pfb></u
sr/share/texmf-texlive/fonts/type1/public/amsfonts/cm/cmti9.pfb></usr/share/tex
mf-texlive/fonts/type1/public/amsfonts/cm/cmtt9.pfb></usr/share/texmf-texlive/f
onts/type1/urw/helvetic/uhvb8a.pfb></usr/share/texmf-texlive/fonts/type1/urw/he
lvetic/uhvr8a.pfb></usr/share/texmf-texlive/fonts/type1/urw/times/utmb8a.pfb></
usr/share/texmf-texlive/fonts/type1/urw/times/utmri8a.pfb>
Output written on sigproc-sp.pdf (16 pages, 2881493 bytes).
PDF statistics:
 118 PDF objects out of 1000 (max. 8388607)
 0 named destinations out of 1000 (max. 500000)
 71 words of extra memory for PDF output out of 10000 (max. 10000000)

